<?xml version="1.0" encoding="UTF-8"?>
<!-- Generated by org.testng.reporters.JUnitXMLReporter -->
<testsuite ignored="0" hostname="Dell" failures="0" tests="2" name="Default test" time="16.391" errors="0" timestamp="2023-06-27T08:40:34 IST">
  <testcase classname="TestNGMethods.FacebookTestingUsingDataProvider" name="aloginPage" time="10.212"/>
  <testcase classname="TestNGMethods.FacebookTestingUsingDataProvider" name="loinPageWithInvalidInputs" time="0.274"/>
</testsuite> <!-- Default test -->
